# JRE version: OpenJDK Runtime Environment (8.0_242-b01) (build 1.8.0_242-release-1644-b01)
# Java VM: OpenJDK 64-Bit Server VM (25.242-b01 mixed mode windows-amd64 compressed oops)
Heap:
 PSYoungGen      total 151552K, used 33710K [0x00000000f5580000, 0x0000000100000000, 0x0000000100000000)
  eden space 138752K, 15% used [0x00000000f5580000,0x00000000f69f0638,0x00000000fdd00000)
  from space 12800K, 99% used [0x00000000ff380000,0x00000000ffffb310,0x0000000100000000)
  to   space 17920K, 0% used [0x00000000fdd00000,0x00000000fdd00000,0x00000000fee80000)
 ParOldGen       total 114176K, used 24832K [0x00000000e0000000, 0x00000000e6f80000, 0x00000000f5580000)
  object space 114176K, 21% used [0x00000000e0000000,0x00000000e1840198,0x00000000e6f80000)
 Metaspace       used 51130K, capacity 53128K, committed 53416K, reserved 1095680K
  class space    used 6850K, capacity 7291K, committed 7344K, reserved 1048576K
GC Heap History (10 events):
Event: 8.694 GC heap before
{Heap before GC invocations=8 (full 1):
 PSYoungGen      total 84992K, used 84845K [0x00000000f5580000, 0x00000000fc600000, 0x0000000100000000)
  eden space 79360K, 100% used [0x00000000f5580000,0x00000000fa300000,0x00000000fa300000)
  from space 5632K, 97% used [0x00000000fc080000,0x00000000fc5db7e8,0x00000000fc600000)
  to   space 11264K, 0% used [0x00000000fb000000,0x00000000fb000000,0x00000000fbb00000)
 ParOldGen       total 76288K, used 6843K [0x00000000e0000000, 0x00000000e4a80000, 0x00000000f5580000)
  object space 76288K, 8% used [0x00000000e0000000,0x00000000e06aed60,0x00000000e4a80000)
 Metaspace       used 32949K, capacity 34004K, committed 34224K, reserved 1079296K
  class space    used 4495K, capacity 4757K, committed 4784K, reserved 1048576K
Event: 8.718 GC heap after
Heap after GC invocations=8 (full 1):
 PSYoungGen      total 103936K, used 10544K [0x00000000f5580000, 0x00000000fea00000, 0x0000000100000000)
  eden space 92672K, 0% used [0x00000000f5580000,0x00000000f5580000,0x00000000fb000000)
  from space 11264K, 93% used [0x00000000fb000000,0x00000000fba4c160,0x00000000fbb00000)
  to   space 12288K, 0% used [0x00000000fde00000,0x00000000fde00000,0x00000000fea00000)
 ParOldGen       total 76288K, used 6851K [0x00000000e0000000, 0x00000000e4a80000, 0x00000000f5580000)
  object space 76288K, 8% used [0x00000000e0000000,0x00000000e06b0d60,0x00000000e4a80000)
 Metaspace       used 32949K, capacity 34004K, committed 34224K, reserved 1079296K
  class space    used 4495K, capacity 4757K, committed 4784K, reserved 1048576K
}
Event: 9.143 GC heap before
{Heap before GC invocations=9 (full 1):
 PSYoungGen      total 103936K, used 36568K [0x00000000f5580000, 0x00000000fea00000, 0x0000000100000000)
  eden space 92672K, 28% used [0x00000000f5580000,0x00000000f6eea260,0x00000000fb000000)
  from space 11264K, 93% used [0x00000000fb000000,0x00000000fba4c160,0x00000000fbb00000)
  to   space 12288K, 0% used [0x00000000fde00000,0x00000000fde00000,0x00000000fea00000)
 ParOldGen       total 76288K, used 6851K [0x00000000e0000000, 0x00000000e4a80000, 0x00000000f5580000)
  object space 76288K, 8% used [0x00000000e0000000,0x00000000e06b0d60,0x00000000e4a80000)
 Metaspace       used 34249K, capacity 35404K, committed 35496K, reserved 1079296K
  class space    used 4713K, capacity 5001K, committed 5040K, reserved 1048576K
Event: 9.171 GC heap after
Heap after GC invocations=9 (full 1):
 PSYoungGen      total 139776K, used 7936K [0x00000000f5580000, 0x0000000100000000, 0x0000000100000000)
  eden space 127488K, 0% used [0x00000000f5580000,0x00000000f5580000,0x00000000fd200000)
  from space 12288K, 64% used [0x00000000fde00000,0x00000000fe5c02c0,0x00000000fea00000)
  to   space 12288K, 0% used [0x00000000fd200000,0x00000000fd200000,0x00000000fde00000)
 ParOldGen       total 76288K, used 6859K [0x00000000e0000000, 0x00000000e4a80000, 0x00000000f5580000)
  object space 76288K, 8% used [0x00000000e0000000,0x00000000e06b2d60,0x00000000e4a80000)
 Metaspace       used 34249K, capacity 35404K, committed 35496K, reserved 1079296K
  class space    used 4713K, capacity 5001K, committed 5040K, reserved 1048576K
}
Event: 9.171 GC heap before
{Heap before GC invocations=10 (full 2):
 PSYoungGen      total 139776K, used 7936K [0x00000000f5580000, 0x0000000100000000, 0x0000000100000000)
  eden space 127488K, 0% used [0x00000000f5580000,0x00000000f5580000,0x00000000fd200000)
  from space 12288K, 64% used [0x00000000fde00000,0x00000000fe5c02c0,0x00000000fea00000)
  to   space 12288K, 0% used [0x00000000fd200000,0x00000000fd200000,0x00000000fde00000)
 ParOldGen       total 76288K, used 6859K [0x00000000e0000000, 0x00000000e4a80000, 0x00000000f5580000)
  object space 76288K, 8% used [0x00000000e0000000,0x00000000e06b2d60,0x00000000e4a80000)
 Metaspace       used 34249K, capacity 35404K, committed 35496K, reserved 1079296K
  class space    used 4713K, capacity 5001K, committed 5040K, reserved 1048576K
Event: 9.277 GC heap after
Heap after GC invocations=10 (full 2):
 PSYoungGen      total 139776K, used 0K [0x00000000f5580000, 0x0000000100000000, 0x0000000100000000)
  eden space 127488K, 0% used [0x00000000f5580000,0x00000000f5580000,0x00000000fd200000)
  from space 12288K, 0% used [0x00000000fde00000,0x00000000fde00000,0x00000000fea00000)
  to   space 12288K, 0% used [0x00000000fd200000,0x00000000fd200000,0x00000000fde00000)
 ParOldGen       total 114176K, used 14299K [0x00000000e0000000, 0x00000000e6f80000, 0x00000000f5580000)
  object space 114176K, 12% used [0x00000000e0000000,0x00000000e0df6ce8,0x00000000e6f80000)
 Metaspace       used 34249K, capacity 35404K, committed 35496K, reserved 1079296K
  class space    used 4713K, capacity 5001K, committed 5040K, reserved 1048576K
}
Event: 10.928 GC heap before
{Heap before GC invocations=11 (full 2):
 PSYoungGen      total 139776K, used 127488K [0x00000000f5580000, 0x0000000100000000, 0x0000000100000000)
  eden space 127488K, 100% used [0x00000000f5580000,0x00000000fd200000,0x00000000fd200000)
  from space 12288K, 0% used [0x00000000fde00000,0x00000000fde00000,0x00000000fea00000)
  to   space 12288K, 0% used [0x00000000fd200000,0x00000000fd200000,0x00000000fde00000)
 ParOldGen       total 114176K, used 14299K [0x00000000e0000000, 0x00000000e6f80000, 0x00000000f5580000)
  object space 114176K, 12% used [0x00000000e0000000,0x00000000e0df6ce8,0x00000000e6f80000)
 Metaspace       used 38432K, capacity 40074K, committed 40232K, reserved 1083392K
  class space    used 5298K, capacity 5641K, committed 5680K, reserved 1048576K
Event: 10.960 GC heap after
Heap after GC invocations=11 (full 2):
 PSYoungGen      total 139776K, used 10921K [0x00000000f5580000, 0x0000000100000000, 0x0000000100000000)
  eden space 127488K, 0% used [0x00000000f5580000,0x00000000f5580000,0x00000000fd200000)
  from space 12288K, 88% used [0x00000000fd200000,0x00000000fdcaa5f8,0x00000000fde00000)
  to   space 12800K, 0% used [0x00000000ff380000,0x00000000ff380000,0x0000000100000000)
 ParOldGen       total 114176K, used 14307K [0x00000000e0000000, 0x00000000e6f80000, 0x00000000f5580000)
  object space 114176K, 12% used [0x00000000e0000000,0x00000000e0df8ce8,0x00000000e6f80000)
 Metaspace       used 38432K, capacity 40074K, committed 40232K, reserved 1083392K
  class space    used 5298K, capacity 5641K, committed 5680K, reserved 1048576K
}
Event: 13.609 GC heap before
{Heap before GC invocations=12 (full 2):
 PSYoungGen      total 139776K, used 138409K [0x00000000f5580000, 0x0000000100000000, 0x0000000100000000)
  eden space 127488K, 100% used [0x00000000f5580000,0x00000000fd200000,0x00000000fd200000)
  from space 12288K, 88% used [0x00000000fd200000,0x00000000fdcaa5f8,0x00000000fde00000)
  to   space 12800K, 0% used [0x00000000ff380000,0x00000000ff380000,0x0000000100000000)
 ParOldGen       total 114176K, used 14307K [0x00000000e0000000, 0x00000000e6f80000, 0x00000000f5580000)
  object space 114176K, 12% used [0x00000000e0000000,0x00000000e0df8ce8,0x00000000e6f80000)
 Metaspace       used 50766K, capacity 52724K, committed 53032K, reserved 1095680K
  class space    used 6793K, capacity 7206K, committed 7216K, reserved 1048576K
Event: 13.691 GC heap after
Heap after GC invocations=12 (full 2):
 PSYoungGen      total 151552K, used 12780K [0x00000000f5580000, 0x0000000100000000, 0x0000000100000000)
  eden space 138752K, 0% used [0x00000000f5580000,0x00000000f5580000,0x00000000fdd00000)
  from space 12800K, 99% used [0x00000000ff380000,0x00000000ffffb310,0x0000000100000000)
  to   space 17920K, 0% used [0x00000000fdd00000,0x00000000fdd00000,0x00000000fee80000)
 ParOldGen       total 114176K, used 24832K [0x00000000e0000000, 0x00000000e6f80000, 0x00000000f5580000)
  object space 114176K, 21% used [0x00000000e0000000,0x00000000e1840198,0x00000000e6f80000)
 Metaspace       used 50766K, capacity 52724K, committed 53032K, reserved 1095680K
  class space    used 6793K, capacity 7206K, committed 7216K, reserved 1048576K
}

