# JRE version: OpenJDK Runtime Environment (8.0_242-b01) (build 1.8.0_242-release-1644-b01)
# Java VM: OpenJDK 64-Bit Server VM (25.242-b01 mixed mode windows-amd64 compressed oops)
Heap:
 PSYoungGen      total 151552K, used 50467K [0x00000000f5580000, 0x0000000100000000, 0x0000000100000000)
  eden space 132608K, 29% used [0x00000000f5580000,0x00000000f7b5d598,0x00000000fd700000)
  from space 18944K, 61% used [0x00000000fed80000,0x00000000ff8eb6c0,0x0000000100000000)
  to   space 20992K, 0% used [0x00000000fd700000,0x00000000fd700000,0x00000000feb80000)
 ParOldGen       total 103424K, used 54237K [0x00000000e0000000, 0x00000000e6500000, 0x00000000f5580000)
  object space 103424K, 52% used [0x00000000e0000000,0x00000000e34f7490,0x00000000e6500000)
 Metaspace       used 78189K, capacity 81810K, committed 82008K, reserved 1120256K
  class space    used 10593K, capacity 11312K, committed 11392K, reserved 1048576K
GC Heap History (10 events):
Event: 83.868 GC heap before
{Heap before GC invocations=13 (full 2):
 PSYoungGen      total 151040K, used 106665K [0x00000000f5580000, 0x0000000100000000, 0x0000000100000000)
  eden space 136704K, 67% used [0x00000000f5580000,0x00000000fafaad90,0x00000000fdb00000)
  from space 14336K, 99% used [0x00000000ff200000,0x00000000fffff8b0,0x0000000100000000)
  to   space 18944K, 0% used [0x00000000fdb00000,0x00000000fdb00000,0x00000000fed80000)
 ParOldGen       total 103424K, used 22370K [0x00000000e0000000, 0x00000000e6500000, 0x00000000f5580000)
  object space 103424K, 21% used [0x00000000e0000000,0x00000000e15d88f8,0x00000000e6500000)
 Metaspace       used 56583K, capacity 58926K, committed 59028K, reserved 1099776K
  class space    used 7440K, capacity 7915K, committed 7936K, reserved 1048576K
Event: 83.925 GC heap after
Heap after GC invocations=13 (full 2):
 PSYoungGen      total 155648K, used 10932K [0x00000000f5580000, 0x0000000100000000, 0x0000000100000000)
  eden space 136704K, 0% used [0x00000000f5580000,0x00000000f5580000,0x00000000fdb00000)
  from space 18944K, 57% used [0x00000000fdb00000,0x00000000fe5ad0a8,0x00000000fed80000)
  to   space 18432K, 0% used [0x00000000fee00000,0x00000000fee00000,0x0000000100000000)
 ParOldGen       total 103424K, used 35923K [0x00000000e0000000, 0x00000000e6500000, 0x00000000f5580000)
  object space 103424K, 34% used [0x00000000e0000000,0x00000000e2314cc0,0x00000000e6500000)
 Metaspace       used 56583K, capacity 58926K, committed 59028K, reserved 1099776K
  class space    used 7440K, capacity 7915K, committed 7936K, reserved 1048576K
}
Event: 83.925 GC heap before
{Heap before GC invocations=14 (full 3):
 PSYoungGen      total 155648K, used 10932K [0x00000000f5580000, 0x0000000100000000, 0x0000000100000000)
  eden space 136704K, 0% used [0x00000000f5580000,0x00000000f5580000,0x00000000fdb00000)
  from space 18944K, 57% used [0x00000000fdb00000,0x00000000fe5ad0a8,0x00000000fed80000)
  to   space 18432K, 0% used [0x00000000fee00000,0x00000000fee00000,0x0000000100000000)
 ParOldGen       total 103424K, used 35923K [0x00000000e0000000, 0x00000000e6500000, 0x00000000f5580000)
  object space 103424K, 34% used [0x00000000e0000000,0x00000000e2314cc0,0x00000000e6500000)
 Metaspace       used 56583K, capacity 58926K, committed 59028K, reserved 1099776K
  class space    used 7440K, capacity 7915K, committed 7936K, reserved 1048576K
Event: 84.351 GC heap after
Heap after GC invocations=14 (full 3):
 PSYoungGen      total 155648K, used 0K [0x00000000f5580000, 0x0000000100000000, 0x0000000100000000)
  eden space 136704K, 0% used [0x00000000f5580000,0x00000000f5580000,0x00000000fdb00000)
  from space 18944K, 0% used [0x00000000fdb00000,0x00000000fdb00000,0x00000000fed80000)
  to   space 18432K, 0% used [0x00000000fee00000,0x00000000fee00000,0x0000000100000000)
 ParOldGen       total 103424K, used 37695K [0x00000000e0000000, 0x00000000e6500000, 0x00000000f5580000)
  object space 103424K, 36% used [0x00000000e0000000,0x00000000e24cfc08,0x00000000e6500000)
 Metaspace       used 56531K, capacity 58808K, committed 59028K, reserved 1099776K
  class space    used 7427K, capacity 7900K, committed 7936K, reserved 1048576K
}
Event: 96.440 GC heap before
{Heap before GC invocations=15 (full 3):
 PSYoungGen      total 155648K, used 136704K [0x00000000f5580000, 0x0000000100000000, 0x0000000100000000)
  eden space 136704K, 100% used [0x00000000f5580000,0x00000000fdb00000,0x00000000fdb00000)
  from space 18944K, 0% used [0x00000000fdb00000,0x00000000fdb00000,0x00000000fed80000)
  to   space 18432K, 0% used [0x00000000fee00000,0x00000000fee00000,0x0000000100000000)
 ParOldGen       total 103424K, used 37695K [0x00000000e0000000, 0x00000000e6500000, 0x00000000f5580000)
  object space 103424K, 36% used [0x00000000e0000000,0x00000000e24cfc08,0x00000000e6500000)
 Metaspace       used 64709K, capacity 67450K, committed 67672K, reserved 1107968K
  class space    used 8730K, capacity 9250K, committed 9344K, reserved 1048576K
Event: 96.476 GC heap after
Heap after GC invocations=15 (full 3):
 PSYoungGen      total 155136K, used 13251K [0x00000000f5580000, 0x0000000100000000, 0x0000000100000000)
  eden space 136704K, 0% used [0x00000000f5580000,0x00000000f5580000,0x00000000fdb00000)
  from space 18432K, 71% used [0x00000000fee00000,0x00000000ffaf0f68,0x0000000100000000)
  to   space 18944K, 0% used [0x00000000fdb00000,0x00000000fdb00000,0x00000000fed80000)
 ParOldGen       total 103424K, used 37703K [0x00000000e0000000, 0x00000000e6500000, 0x00000000f5580000)
  object space 103424K, 36% used [0x00000000e0000000,0x00000000e24d1c08,0x00000000e6500000)
 Metaspace       used 64709K, capacity 67450K, committed 67672K, reserved 1107968K
  class space    used 8730K, capacity 9250K, committed 9344K, reserved 1048576K
}
Event: 105.741 GC heap before
{Heap before GC invocations=16 (full 3):
 PSYoungGen      total 155136K, used 149955K [0x00000000f5580000, 0x0000000100000000, 0x0000000100000000)
  eden space 136704K, 100% used [0x00000000f5580000,0x00000000fdb00000,0x00000000fdb00000)
  from space 18432K, 71% used [0x00000000fee00000,0x00000000ffaf0f68,0x0000000100000000)
  to   space 18944K, 0% used [0x00000000fdb00000,0x00000000fdb00000,0x00000000fed80000)
 ParOldGen       total 103424K, used 37703K [0x00000000e0000000, 0x00000000e6500000, 0x00000000f5580000)
  object space 103424K, 36% used [0x00000000e0000000,0x00000000e24d1c08,0x00000000e6500000)
 Metaspace       used 73510K, capacity 76664K, committed 77016K, reserved 1116160K
  class space    used 10029K, capacity 10668K, committed 10752K, reserved 1048576K
Event: 105.771 GC heap after
Heap after GC invocations=16 (full 3):
 PSYoungGen      total 155648K, used 18929K [0x00000000f5580000, 0x0000000100000000, 0x0000000100000000)
  eden space 136704K, 0% used [0x00000000f5580000,0x00000000f5580000,0x00000000fdb00000)
  from space 18944K, 99% used [0x00000000fdb00000,0x00000000fed7c560,0x00000000fed80000)
  to   space 18944K, 0% used [0x00000000fed80000,0x00000000fed80000,0x0000000100000000)
 ParOldGen       total 103424K, used 39411K [0x00000000e0000000, 0x00000000e6500000, 0x00000000f5580000)
  object space 103424K, 38% used [0x00000000e0000000,0x00000000e267cf58,0x00000000e6500000)
 Metaspace       used 73510K, capacity 76664K, committed 77016K, reserved 1116160K
  class space    used 10029K, capacity 10668K, committed 10752K, reserved 1048576K
}
Event: 135.698 GC heap before
{Heap before GC invocations=17 (full 3):
 PSYoungGen      total 155648K, used 155633K [0x00000000f5580000, 0x0000000100000000, 0x0000000100000000)
  eden space 136704K, 100% used [0x00000000f5580000,0x00000000fdb00000,0x00000000fdb00000)
  from space 18944K, 99% used [0x00000000fdb00000,0x00000000fed7c560,0x00000000fed80000)
  to   space 18944K, 0% used [0x00000000fed80000,0x00000000fed80000,0x0000000100000000)
 ParOldGen       total 103424K, used 39411K [0x00000000e0000000, 0x00000000e6500000, 0x00000000f5580000)
  object space 103424K, 38% used [0x00000000e0000000,0x00000000e267cf58,0x00000000e6500000)
 Metaspace       used 76494K, capacity 79988K, committed 80216K, reserved 1118208K
  class space    used 10363K, capacity 11063K, committed 11136K, reserved 1048576K
Event: 135.743 GC heap after
Heap after GC invocations=17 (full 3):
 PSYoungGen      total 151552K, used 11693K [0x00000000f5580000, 0x0000000100000000, 0x0000000100000000)
  eden space 132608K, 0% used [0x00000000f5580000,0x00000000f5580000,0x00000000fd700000)
  from space 18944K, 61% used [0x00000000fed80000,0x00000000ff8eb6c0,0x0000000100000000)
  to   space 20992K, 0% used [0x00000000fd700000,0x00000000fd700000,0x00000000feb80000)
 ParOldGen       total 103424K, used 54237K [0x00000000e0000000, 0x00000000e6500000, 0x00000000f5580000)
  object space 103424K, 52% used [0x00000000e0000000,0x00000000e34f7490,0x00000000e6500000)
 Metaspace       used 76494K, capacity 79988K, committed 80216K, reserved 1118208K
  class space    used 10363K, capacity 11063K, committed 11136K, reserved 1048576K
}

