# JRE version: OpenJDK Runtime Environment (8.0_242-b01) (build 1.8.0_242-release-1644-b01)
# Java VM: OpenJDK 64-Bit Server VM (25.242-b01 mixed mode windows-amd64 compressed oops)
Heap:
 PSYoungGen      total 152576K, used 132884K [0x00000000f5580000, 0x00000000fff00000, 0x0000000100000000)
  eden space 132608K, 91% used [0x00000000f5580000,0x00000000fcc6bf20,0x00000000fd700000)
  from space 19968K, 55% used [0x00000000feb80000,0x00000000ff659328,0x00000000fff00000)
  to   space 20480K, 0% used [0x00000000fd700000,0x00000000fd700000,0x00000000feb00000)
 ParOldGen       total 130560K, used 36435K [0x00000000e0000000, 0x00000000e7f80000, 0x00000000f5580000)
  object space 130560K, 27% used [0x00000000e0000000,0x00000000e2394dd0,0x00000000e7f80000)
 Metaspace       used 69651K, capacity 72774K, committed 73048K, reserved 1112064K
  class space    used 9627K, capacity 10249K, committed 10368K, reserved 1048576K
GC Heap History (10 events):
Event: 21.565 GC heap before
{Heap before GC invocations=11 (full 2):
 PSYoungGen      total 161280K, used 146944K [0x00000000f5580000, 0x0000000100000000, 0x0000000100000000)
  eden space 146944K, 100% used [0x00000000f5580000,0x00000000fe500000,0x00000000fe500000)
  from space 14336K, 0% used [0x00000000ff200000,0x00000000ff200000,0x0000000100000000)
  to   space 13312K, 0% used [0x00000000fe500000,0x00000000fe500000,0x00000000ff200000)
 ParOldGen       total 82432K, used 14575K [0x00000000e0000000, 0x00000000e5080000, 0x00000000f5580000)
  object space 82432K, 17% used [0x00000000e0000000,0x00000000e0e3be90,0x00000000e5080000)
 Metaspace       used 39301K, capacity 41200K, committed 41432K, reserved 1085440K
  class space    used 5413K, capacity 5830K, committed 5888K, reserved 1048576K
Event: 21.585 GC heap after
Heap after GC invocations=11 (full 2):
 PSYoungGen      total 160256K, used 12969K [0x00000000f5580000, 0x0000000100000000, 0x0000000100000000)
  eden space 146944K, 0% used [0x00000000f5580000,0x00000000f5580000,0x00000000fe500000)
  from space 13312K, 97% used [0x00000000fe500000,0x00000000ff1aa600,0x00000000ff200000)
  to   space 14336K, 0% used [0x00000000ff200000,0x00000000ff200000,0x0000000100000000)
 ParOldGen       total 82432K, used 14583K [0x00000000e0000000, 0x00000000e5080000, 0x00000000f5580000)
  object space 82432K, 17% used [0x00000000e0000000,0x00000000e0e3de90,0x00000000e5080000)
 Metaspace       used 39301K, capacity 41200K, committed 41432K, reserved 1085440K
  class space    used 5413K, capacity 5830K, committed 5888K, reserved 1048576K
}
Event: 26.401 GC heap before
{Heap before GC invocations=12 (full 2):
 PSYoungGen      total 160256K, used 159913K [0x00000000f5580000, 0x0000000100000000, 0x0000000100000000)
  eden space 146944K, 100% used [0x00000000f5580000,0x00000000fe500000,0x00000000fe500000)
  from space 13312K, 97% used [0x00000000fe500000,0x00000000ff1aa600,0x00000000ff200000)
  to   space 14336K, 0% used [0x00000000ff200000,0x00000000ff200000,0x0000000100000000)
 ParOldGen       total 82432K, used 14583K [0x00000000e0000000, 0x00000000e5080000, 0x00000000f5580000)
  object space 82432K, 17% used [0x00000000e0000000,0x00000000e0e3de90,0x00000000e5080000)
 Metaspace       used 52548K, capacity 54798K, committed 55128K, reserved 1097728K
  class space    used 7028K, capacity 7477K, committed 7552K, reserved 1048576K
Event: 26.447 GC heap after
Heap after GC invocations=12 (full 2):
 PSYoungGen      total 146944K, used 14316K [0x00000000f5580000, 0x0000000100000000, 0x0000000100000000)
  eden space 132608K, 0% used [0x00000000f5580000,0x00000000f5580000,0x00000000fd700000)
  from space 14336K, 99% used [0x00000000ff200000,0x00000000ffffb310,0x0000000100000000)
  to   space 20992K, 0% used [0x00000000fd700000,0x00000000fd700000,0x00000000feb80000)
 ParOldGen       total 82432K, used 26870K [0x00000000e0000000, 0x00000000e5080000, 0x00000000f5580000)
  object space 82432K, 32% used [0x00000000e0000000,0x00000000e1a3dab0,0x00000000e5080000)
 Metaspace       used 52548K, capacity 54798K, committed 55128K, reserved 1097728K
  class space    used 7028K, capacity 7477K, committed 7552K, reserved 1048576K
}
Event: 27.946 GC heap before
{Heap before GC invocations=13 (full 2):
 PSYoungGen      total 146944K, used 52782K [0x00000000f5580000, 0x0000000100000000, 0x0000000100000000)
  eden space 132608K, 29% used [0x00000000f5580000,0x00000000f7b108a0,0x00000000fd700000)
  from space 14336K, 99% used [0x00000000ff200000,0x00000000ffffb310,0x0000000100000000)
  to   space 20992K, 0% used [0x00000000fd700000,0x00000000fd700000,0x00000000feb80000)
 ParOldGen       total 82432K, used 26870K [0x00000000e0000000, 0x00000000e5080000, 0x00000000f5580000)
  object space 82432K, 32% used [0x00000000e0000000,0x00000000e1a3dab0,0x00000000e5080000)
 Metaspace       used 56309K, capacity 58804K, committed 58968K, reserved 1099776K
  class space    used 7669K, capacity 8209K, committed 8320K, reserved 1048576K
Event: 27.982 GC heap after
Heap after GC invocations=13 (full 2):
 PSYoungGen      total 153600K, used 4973K [0x00000000f5580000, 0x0000000100000000, 0x0000000100000000)
  eden space 132608K, 0% used [0x00000000f5580000,0x00000000f5580000,0x00000000fd700000)
  from space 20992K, 23% used [0x00000000fd700000,0x00000000fdbdb6a0,0x00000000feb80000)
  to   space 20992K, 0% used [0x00000000feb80000,0x00000000feb80000,0x0000000100000000)
 ParOldGen       total 82432K, used 41119K [0x00000000e0000000, 0x00000000e5080000, 0x00000000f5580000)
  object space 82432K, 49% used [0x00000000e0000000,0x00000000e2827ef0,0x00000000e5080000)
 Metaspace       used 56309K, capacity 58804K, committed 58968K, reserved 1099776K
  class space    used 7669K, capacity 8209K, committed 8320K, reserved 1048576K
}
Event: 27.982 GC heap before
{Heap before GC invocations=14 (full 3):
 PSYoungGen      total 153600K, used 4973K [0x00000000f5580000, 0x0000000100000000, 0x0000000100000000)
  eden space 132608K, 0% used [0x00000000f5580000,0x00000000f5580000,0x00000000fd700000)
  from space 20992K, 23% used [0x00000000fd700000,0x00000000fdbdb6a0,0x00000000feb80000)
  to   space 20992K, 0% used [0x00000000feb80000,0x00000000feb80000,0x0000000100000000)
 ParOldGen       total 82432K, used 41119K [0x00000000e0000000, 0x00000000e5080000, 0x00000000f5580000)
  object space 82432K, 49% used [0x00000000e0000000,0x00000000e2827ef0,0x00000000e5080000)
 Metaspace       used 56309K, capacity 58804K, committed 58968K, reserved 1099776K
  class space    used 7669K, capacity 8209K, committed 8320K, reserved 1048576K
Event: 28.492 GC heap after
Heap after GC invocations=14 (full 3):
 PSYoungGen      total 153600K, used 0K [0x00000000f5580000, 0x0000000100000000, 0x0000000100000000)
  eden space 132608K, 0% used [0x00000000f5580000,0x00000000f5580000,0x00000000fd700000)
  from space 20992K, 0% used [0x00000000fd700000,0x00000000fd700000,0x00000000feb80000)
  to   space 20992K, 0% used [0x00000000feb80000,0x00000000feb80000,0x0000000100000000)
 ParOldGen       total 130560K, used 36427K [0x00000000e0000000, 0x00000000e7f80000, 0x00000000f5580000)
  object space 130560K, 27% used [0x00000000e0000000,0x00000000e2392dd0,0x00000000e7f80000)
 Metaspace       used 56295K, capacity 58756K, committed 58968K, reserved 1099776K
  class space    used 7664K, capacity 8201K, committed 8320K, reserved 1048576K
}
Event: 31.550 GC heap before
{Heap before GC invocations=15 (full 3):
 PSYoungGen      total 153600K, used 132608K [0x00000000f5580000, 0x0000000100000000, 0x0000000100000000)
  eden space 132608K, 100% used [0x00000000f5580000,0x00000000fd700000,0x00000000fd700000)
  from space 20992K, 0% used [0x00000000fd700000,0x00000000fd700000,0x00000000feb80000)
  to   space 20992K, 0% used [0x00000000feb80000,0x00000000feb80000,0x0000000100000000)
 ParOldGen       total 130560K, used 36427K [0x00000000e0000000, 0x00000000e7f80000, 0x00000000f5580000)
  object space 130560K, 27% used [0x00000000e0000000,0x00000000e2392dd0,0x00000000e7f80000)
 Metaspace       used 62112K, capacity 64882K, committed 65112K, reserved 1105920K
  class space    used 8547K, capacity 9084K, committed 9088K, reserved 1048576K
Event: 31.580 GC heap after
Heap after GC invocations=15 (full 3):
 PSYoungGen      total 152576K, used 11108K [0x00000000f5580000, 0x00000000fff00000, 0x0000000100000000)
  eden space 132608K, 0% used [0x00000000f5580000,0x00000000f5580000,0x00000000fd700000)
  from space 19968K, 55% used [0x00000000feb80000,0x00000000ff659328,0x00000000fff00000)
  to   space 20480K, 0% used [0x00000000fd700000,0x00000000fd700000,0x00000000feb00000)
 ParOldGen       total 130560K, used 36435K [0x00000000e0000000, 0x00000000e7f80000, 0x00000000f5580000)
  object space 130560K, 27% used [0x00000000e0000000,0x00000000e2394dd0,0x00000000e7f80000)
 Metaspace       used 62112K, capacity 64882K, committed 65112K, reserved 1105920K
  class space    used 8547K, capacity 9084K, committed 9088K, reserved 1048576K
}

